1556327931.177289;h
1556327932.499301;g
1556327935.205493;f
1556327936.410199;s
1556327937.557579;1
1556327940.057744;g
1556327946.531661;d
1556327949.409677;j
1556327953.446443;k
1556327953.980874;j
1556327959.315277;k
1556327960.406176;d
1556327963.328021;k
1556327966.273502;s
1556327967.596911;2
1556327969.753315;g
1556327972.174438;j
1556327973.777637;d
1556327977.633503;k
1556327980.253343;d
1556327983.822805;k
1556327985.756775;h
1556327987.142152;f
1556327991.091392;g
1556327994.664735;f
1556327998.247309;s
1556327999.545663;3
1556328001.640184;g
1556328003.793552;j
1556328008.588634;l
1556328009.932364;1
1556328017.472069;t
1556328053.197255;h
1556328055.037780;f
1556328057.936785;s
1556328060.013008;4
1556328062.123775;g
1556328065.443373;k
1556328067.751178;d
1556328071.888975;h
1556328073.371158;f
1556328074.979948;s
1556328076.364046;5
1556328079.252712;Return
1556328080.927747;0
1556328108.176452;g
1556328112.726949;h
1556328114.493699;d
1556328118.482487;j
1556328121.051610;k
1556328126.178757;h
1556328126.898926;d
1556328129.843955;d
1556328133.210378;k
1556328136.069642;s
1556328136.972769;1
1556328138.978677;g
1556328140.775325;j
1556328145.999866;j
1556328149.783799;k
1556328152.452828;h
1556328153.515149;f
1556328159.650722;d
1556328162.207029;k
1556328163.291705;k
1556328164.833658;j
1556328165.644917;k
1556328166.846934;d
1556328169.013148;f
1556328171.823854;d
1556328173.311554;f
1556328178.428859;f
1556328181.107360;s
1556328183.346973;2
1556328184.984833;g
1556328186.683404;j
1556328189.077412;l
1556328191.685847;1
1556328192.885369;h
1556328195.470740;f
1556328201.960209;k
1556328203.997597;j
1556328209.631148;f
1556328211.217317;d
1556328213.668231;f
1556328216.940084;s
1556328218.912726;3
1556328220.811465;g
1556328222.064637;k
1556328223.192489;j
1556328227.497375;j
1556328230.801619;j
1556328235.251017;h
1556328238.372315;f
1556328240.734956;f
1556328245.958336;g
1556328249.570664;h
1556328251.189506;d
1556328253.342799;d
1556328255.772842;f
1556328261.225080;d
1556328266.085603;f
1556328268.158874;s
1556328270.837598;4
1556328272.176415;g
1556328275.499468;j
1556328280.130686;h
1556328282.441724;j
1556328285.883498;h
1556328289.628563;g
1556328293.241534;k
1556328293.738709;d
1556328294.528088;k
1556328295.592803;j
1556328297.494029;l
1556328299.587805;2
1556328301.323350;h
1556328303.939634;f
1556328308.244304;f
1556328311.747713;k
1556328317.332401;g
1556328319.686199;j
1556328322.798113;l
1556328323.858048;3
1556328329.281494;h
1556328333.036910;f
1556328336.414294;s
1556328337.680940;5
1556328355.973942;Control_L
1556328356.354431;c
