1526730397.177623;h
1526730399.063733;f
1526730402.513560;f
1526730410.794280;s
1526730412.119468;1
1526730415.655505;g
1526730421.871937;k
1526730432.749835;k
1526730435.989201;f
1526730442.944596;s
1526730444.087447;2
1526730448.789156;g
1526730452.672687;j
1526730458.157339;k
1526730465.236851;s
1526730466.658415;3
1526730470.852333;g
1526730472.914704;j
1526730475.364229;k
1526730478.169774;k
1526730484.552995;s
1526730485.909640;4
1526730488.873753;g
1526730493.137029;k
1526730495.033636;d
1526730502.810621;k
1526730512.315352;s
1526730513.217995;5
1526730516.656342;Return
1526730518.958915;1
1526730558.451049;g
1526730561.648863;j
1526730569.474409;k
1526730575.337635;k
1526730583.288133;k
1526730590.245418;k
1526730594.688537;k
1526730601.004668;d
1526730608.950694;k
1526730615.771003;j
1526730625.205113;f
1526730632.301890;s
1526730633.285587;1
1526730638.214416;g
1526730642.245997;d
1526730653.278012;h
1526730656.782859;f
1526730663.032791;s
1526730663.990598;2
1526730669.140812;g
1526730672.569774;k
1526730679.295707;j
1526730688.374797;k
1526730699.000901;d
1526730709.920172;d
1526730716.655629;j
1526730723.058999;k
1526730728.636026;k
1526730734.548132;k
1526730742.433338;k
1526730751.847265;s
1526730756.573641;3
1526730758.447682;g
1526730760.137829;h
1526730762.185393;f
1526730764.355096;s
1526730765.682796;4
1526730768.184587;g
1526730771.098804;j
1526730777.046502;l
1526730778.841348;1
1526730782.053738;h
1526730785.815225;f
1526730794.430106;s
1526730795.321983;5
1526730816.387476;Control_L
1526730816.480069;c
