1525089775.037090;g
1525089777.611015;g
1525089779.519761;j
1525089783.622841;k
1525089789.895228;f
1525089796.148553;f
1525089804.464224;f
1525089807.748214;g
1525089810.189728;u
1525089810.553190;1
1525089817.643125;f
1525089821.255474;g
1525089825.860246;j
1525089834.624330;u
1525089836.262800;2
1525089838.859746;h
1525089842.726585;f
1525089844.971233;f
1525089847.129354;d
1525089851.087017;d
1525089858.978387;u
1525089860.813938;1
1525089863.030987;h
1525089870.160081;Control_L
1525089870.324672;c
